Log file open, 09/10/16 23:19:32
LogInit:Display: Running engine for game: AIProject
LogPlatformFile: Not using cached read wrapper
LogInit:Display: RandInit(-727284444) SRandInit(-727284442).
LogTaskGraph: Started task graph with 4 named threads and 5 total threads.
LogStats: Stats thread started at 0.047122
LogInit: Version: 4.11.2-2946394+++UE4+Release-4.11
LogInit: API Version: 2927265
LogInit: Compiled (64-bit): Apr 18 2016 02:18:46
LogInit: Compiled with Visual C++: 19.00.23026.00
LogInit: Build Configuration: Development
LogInit: Branch Name: ++UE4+Release-4.11
LogInit: Command line:  
LogInit: Base directory: D:/Unreal/4.11/Engine/Binaries/Win64/
LogInit: Installed Engine Build: 1
LogInit: Using libcurl 7.41.0
LogInit:  - built for x86_64-pc-win32
LogInit:  - supports SSL with WinSSL
LogInit:  - other features:
LogInit:      CURL_VERSION_SSL
LogInit:      CURL_VERSION_IPV6
LogInit:      CURL_VERSION_ASYNCHDNS
LogInit:      CURL_VERSION_LARGEFILE
LogInit:      CURL_VERSION_IDN
LogInit:  CurlRequestOptions (configurable via config and command line):
LogInit:  - bVerifyPeer = true  - Libcurl will verify peer certificate
LogInit:  - bUseHttpProxy = false  - Libcurl will NOT use HTTP proxy
LogInit:  - bDontReuseConnections = false  - Libcurl will reuse connections
LogInit:  - CertBundlePath = nullptr  - Libcurl will use whatever was configured at build time.
LogInit: Presizing for max 16777216 objects, including 0 objects not considered by GC, pre-allocating 0 bytes for permanent pool.
LogInit: Object subsystem initialized
[2016.09.10-13.19.33:120][  0]LogInit: Selected Device Profile: [Windows]
[2016.09.10-13.19.33:120][  0]LogInit: Applying CVar settings loaded from the selected device profile: [Windows]
[2016.09.10-13.19.33:150][  0]LogInit: Computer: JAY-OFFICE
[2016.09.10-13.19.33:150][  0]LogInit: User: Jay
[2016.09.10-13.19.33:150][  0]LogInit: CPU Page size=65536, Cores=2
[2016.09.10-13.19.33:150][  0]LogInit: High frequency timer resolution =3.232150 MHz
[2016.09.10-13.19.33:150][  0]LogMemory: Memory total: Physical=7.9GB (8GB approx)
[2016.09.10-13.19.33:150][  0]LogMemory: Platform Memory Stats for Windows
[2016.09.10-13.19.33:150][  0]LogMemory: Process Physical Memory: 313.16 MB used, 313.16 MB peak
[2016.09.10-13.19.33:150][  0]LogMemory: Process Virtual Memory: 314.81 MB used, 314.81 MB peak
[2016.09.10-13.19.33:150][  0]LogMemory: Physical Memory: 3406.16 MB used, 8137.99 MB total
[2016.09.10-13.19.33:150][  0]LogMemory: Virtual Memory: 636.49 MB used, 134217728.00 MB total
[2016.09.10-13.19.33:177][  0]LogTextLocalizationManager: No specific translations for ('en-AU') exist, so ('en') translations will be used.
[2016.09.10-13.19.33:560][  0]LogD3D11RHI: D3D11 adapters:
[2016.09.10-13.19.33:583][  0]LogD3D11RHI:    0. 'NVIDIA GeForce GTX 560 Ti  ' (Feature Level 11_0)
[2016.09.10-13.19.33:583][  0]LogD3D11RHI:       973MB of dedicated video memory, 0MB of dedicated system memory, and 3071MB of shared system memory, 2 output[s]
[2016.09.10-13.19.33:585][  0]LogD3D11RHI:    1. 'Microsoft Basic Render Driver' (Feature Level 11_0)
[2016.09.10-13.19.33:585][  0]LogD3D11RHI:       0MB of dedicated video memory, 0MB of dedicated system memory, and 4068MB of shared system memory, 0 output[s]
[2016.09.10-13.19.33:585][  0]LogD3D11RHI: Chosen D3D11 Adapter: 0
[2016.09.10-13.19.33:590][  0]LogD3D11RHI: Creating new Direct3DDevice
[2016.09.10-13.19.33:590][  0]LogD3D11RHI:     Adapter Name: NVIDIA GeForce GTX 560 Ti  
[2016.09.10-13.19.33:590][  0]LogD3D11RHI:   Driver Version: Unknown (internal Unknown)
[2016.09.10-13.19.33:590][  0]LogD3D11RHI:      Driver Date: Unknown
[2016.09.10-13.19.33:590][  0]LogRHI: Texture pool is 681 MB (70% of 973 MB)
[2016.09.10-13.19.33:604][  0]LogD3D11RHI: Async texture creation enabled
[2016.09.10-13.19.33:621][  0]LogShaderCompilers: Guid format shader working directory is -26 characters bigger than the processId version (../../../../../Unreal Projects/GitHub/AIProject2016/PIG2016T4AIProject/Intermediate/Shaders/WorkingDirectory/6720/).
[2016.09.10-13.19.33:621][  0]LogShaderCompilers: Cleaned the shader compiler working directory 'C:/Users/Jay/AppData/Local/Temp/UnrealShaderWorkingDir/B9DEFD8F4CAB2028A76A0C9987B56B00/'.
[2016.09.10-13.19.33:621][  0]LogShaderCompilers:Display: Using Local Shader Compiler.
[2016.09.10-13.19.34:598][  0]LogTemp:Display: Loaded TP AllDesktopTargetPlatform
[2016.09.10-13.19.34:602][  0]LogTemp:Display: Loaded TP WindowsClientTargetPlatform
[2016.09.10-13.19.34:606][  0]LogTemp:Display: Loaded TP WindowsNoEditorTargetPlatform
[2016.09.10-13.19.34:609][  0]LogTemp:Display: Loaded TP WindowsServerTargetPlatform
[2016.09.10-13.19.34:613][  0]LogTemp:Display: Loaded TP WindowsTargetPlatform
[2016.09.10-13.19.34:616][  0]LogTemp:Display: Loaded TP AndroidTargetPlatform
[2016.09.10-13.19.34:619][  0]LogTemp:Display: Loaded TP Android_ASTCTargetPlatform
[2016.09.10-13.19.34:622][  0]LogTemp:Display: Loaded TP Android_ATCTargetPlatform
[2016.09.10-13.19.34:625][  0]LogTemp:Display: Loaded TP Android_DXTTargetPlatform
[2016.09.10-13.19.34:628][  0]LogTemp:Display: Loaded TP Android_ETC1TargetPlatform
[2016.09.10-13.19.34:631][  0]LogTemp:Display: Loaded TP Android_ETC2TargetPlatform
[2016.09.10-13.19.34:637][  0]LogTemp:Display: Loaded TP Android_MultiTargetPlatform
[2016.09.10-13.19.34:637][  0]LogTemp:Display: Loaded TP Android_PVRTCTargetPlatform
[2016.09.10-13.19.34:638][  0]LogTemp:Display: Loaded TP HTML5TargetPlatform
[2016.09.10-13.19.34:654][  0]LogTemp:Display: Loaded TP IOSTargetPlatform
[2016.09.10-13.19.34:657][  0]LogTemp:Display: Loaded TP TVOSTargetPlatform
[2016.09.10-13.19.34:659][  0]LogTemp:Display: Loaded TP LinuxNoEditorTargetPlatform
[2016.09.10-13.19.34:662][  0]LogTemp:Display: Loaded TP LinuxServerTargetPlatform
[2016.09.10-13.19.34:666][  0]LogTemp:Display: Loaded TP LinuxTargetPlatform
[2016.09.10-13.19.34:666][  0]LogTargetPlatformManager:Display: Building Assets For Windows
[2016.09.10-13.19.34:718][  0]LogDerivedDataCache:Display: Max Cache Size: 512 MB
[2016.09.10-13.19.34:766][  0]LogDerivedDataCache: Loaded boot cache 0.05s 46MB C:/Users/Jay/AppData/Local/UnrealEngine/4.11/DerivedDataCache/Boot.ddc.
[2016.09.10-13.19.34:766][  0]LogDerivedDataCache:Display: Loaded Boot cache: C:/Users/Jay/AppData/Local/UnrealEngine/4.11/DerivedDataCache/Boot.ddc
[2016.09.10-13.19.34:767][  0]LogDerivedDataCache: FDerivedDataBackendGraph:  Pak pak cache file ../../../../../Unreal Projects/GitHub/AIProject2016/PIG2016T4AIProject/DerivedDataCache/DDC.ddp not found, will not use a pak cache.
[2016.09.10-13.19.34:767][  0]LogDerivedDataCache: Unable to find inner node Pak for hierarchical cache Hierarchy.
[2016.09.10-13.19.34:767][  0]LogDerivedDataCache: FDerivedDataBackendGraph:  CompressedPak pak cache file ../../../../../Unreal Projects/GitHub/AIProject2016/PIG2016T4AIProject/DerivedDataCache/Compressed.ddp not found, will not use a pak cache.
[2016.09.10-13.19.34:767][  0]LogDerivedDataCache: Unable to find inner node CompressedPak for hierarchical cache Hierarchy.
[2016.09.10-13.19.34:781][  0]LogDerivedDataCache:Display: Pak cache opened for reading ../../../Engine/DerivedDataCache/Compressed.ddp.
[2016.09.10-13.19.34:793][  0]LogDerivedDataCache: Using Local data cache path C:/Users/Jay/AppData/Local/UnrealEngine/Common/DerivedDataCache: Writable
[2016.09.10-13.19.34:965][  0]LogInit: Selected Device Profile: [Windows]
[2016.09.10-13.19.34:966][  0]LogContentStreaming: Texture pool size is 0.00 MB
[2016.09.10-13.19.35:000][  0]LogMaterial: Uniform references updated for custom material expression Custom.
[2016.09.10-13.19.35:118][  0]LogMeshUtilities: No automatic mesh reduction module available
[2016.09.10-13.19.35:118][  0]LogMeshUtilities: No automatic mesh merging module available
[2016.09.10-13.19.35:118][  0]LogMeshUtilities: No distributed automatic mesh merging module available
[2016.09.10-13.19.35:345][  0]LogUObjectArray: 27679 objects as part of root set at end of initial load.
[2016.09.10-13.19.35:345][  0]LogUObjectAllocator: 5591592 out of 0 bytes used by permanent object pool.
[2016.09.10-13.19.35:345][  0]LogUObjectArray: CloseDisregardForGC: 0/0 objects in disregard for GC pool
[2016.09.10-13.19.35:349][  0]LogInit: WinSock: version 1.1 (2.2), MaxSocks=32767, MaxUdp=65467
[2016.09.10-13.19.35:417][  0]LogSlate: SlateFontCache - WITH_FREETYPE: 1, WITH_HARFBUZZ: 1
[2016.09.10-13.19.35:417][  0]LogSlate: SlateFontCache - WITH_FREETYPE: 1, WITH_HARFBUZZ: 1
[2016.09.10-13.19.35:511][  0]LogStreaming:Warning: Failed to read file '../../../Engine/Content/Editor/Slate/Common/Selection_16x.png' error.
[2016.09.10-13.19.35:511][  0]LogSlate: Could not find file for Slate resource: ../../../Engine/Content/Editor/Slate/Common/Selection_16x.png
[2016.09.10-13.19.35:511][  0]LogStreaming:Warning: Failed to read file '../../../Engine/Content/Editor/Slate/Common/Selection_16x.png' error.
[2016.09.10-13.19.35:511][  0]LogSlate: Could not find file for Slate resource: ../../../Engine/Content/Editor/Slate/Common/Selection_16x.png
[2016.09.10-13.19.35:511][  0]LogStreaming:Warning: Failed to read file '../../../Engine/Content/Editor/Slate/Common/Selection_16x.png' error.
[2016.09.10-13.19.35:511][  0]LogSlate: Could not find file for Slate resource: ../../../Engine/Content/Editor/Slate/Common/Selection_16x.png
[2016.09.10-13.19.36:006][  0]LogUdpMessaging: Initializing bridge on interface 0.0.0.0:0 to multicast group 230.0.0.1:6666.
[2016.09.10-13.19.36:128][  0]LogAssetRegistry: FAssetRegistry took 0.0225 seconds to start up
[2016.09.10-13.19.36:259][  0]SourceControl: Info Source control is disabled
[2016.09.10-13.19.36:328][  0]SourceControl: Info Source control is disabled
[2016.09.10-13.19.36:333][  0]SourceControl: Info Source control is disabled
[2016.09.10-13.19.36:339][  0]SourceControl: Info Source control is disabled
[2016.09.10-13.19.36:473][  0]LogStreaming:Warning: Failed to read file '../../../Engine/Content/Editor/Slate/Common/Selection_16x.png' error.
[2016.09.10-13.19.36:473][  0]LogSlate: Could not find file for Slate resource: ../../../Engine/Content/Editor/Slate/Common/Selection_16x.png
[2016.09.10-13.19.36:473][  0]LogStreaming:Warning: Failed to read file '../../../Engine/Content/Editor/Slate/Common/Selection_16x.png' error.
[2016.09.10-13.19.36:473][  0]LogSlate: Could not find file for Slate resource: ../../../Engine/Content/Editor/Slate/Common/Selection_16x.png
[2016.09.10-13.19.36:473][  0]LogStreaming:Warning: Failed to read file '../../../Engine/Content/Editor/Slate/Common/Selection_16x.png' error.
[2016.09.10-13.19.36:473][  0]LogSlate: Could not find file for Slate resource: ../../../Engine/Content/Editor/Slate/Common/Selection_16x.png
[2016.09.10-13.19.36:950][  0]LogHMD: Failed to initialize OpenVR with code 110
[2016.09.10-13.19.37:015][  0]LogEngine: Initializing Engine...
[2016.09.10-13.19.37:150][  0]LogAIModule: Creating AISystem for world NewWorld
[2016.09.10-13.19.37:159][  0]LogInit: XAudio2 using 'Speakers (Realtek High Definition Audio)' : 2 channels at 48 kHz using 32 bits per sample (channel mask 0x3)
[2016.09.10-13.19.37:184][  0]LogInit: FAudioDevice initialized.
[2016.09.10-13.19.37:209][  0]LogDerivedDataCache: Saved boot cache 0.02s 46MB C:/Users/Jay/AppData/Local/UnrealEngine/4.11/DerivedDataCache/Boot.ddc.
[2016.09.10-13.19.37:213][  0]LogInit: Texture streaming: Enabled
[2016.09.10-13.19.37:229][  0]LogInit: Transaction tracking system initialized
[2016.09.10-13.19.37:243][  0]BlueprintLog: New page: Editor Load
[2016.09.10-13.19.37:293][  0]LocalizationService: Info Localization service is disabled
[2016.09.10-13.19.37:346][  0]LogConsoleResponse:Display: 
[2016.09.10-13.19.37:458][  0]LogCook:Display: Max memory allowance for cook 8192mb
[2016.09.10-13.19.37:458][  0]LogCook:Display: Mobile HDR setting 1
[2016.09.10-13.19.37:458][  0]LogCook:Display: Done creating registry. It took  0.00s.
[2016.09.10-13.19.37:505][  0]LogFileCache: Scanning file cache for directory 'D:/Unreal Projects/GitHub/AIProject2016/PIG2016T4AIProject/Content/' took 0.01s
[2016.09.10-13.19.37:505][  0]SourceControl: Info Source control is disabled
[2016.09.10-13.19.37:505][  0]Cmd: MAP LOAD FILE="../../../../../Unreal Projects/GitHub/AIProject2016/PIG2016T4AIProject/Content/FirstPersonBP/Maps/FirstPersonExampleMap.umap" TEMPLATE=0 SHOWPROGRESS=1 FEATURELEVEL=3
[2016.09.10-13.19.37:505][  0]LightingResults: New page: Lighting Build
[2016.09.10-13.19.37:508][  0]MapCheck: New page: Map Check
[2016.09.10-13.19.37:508][  0]LightingResults: New page: Lighting Build
[2016.09.10-13.19.37:804][  0]LogAIModule: Creating AISystem for world FirstPersonExampleMap
[2016.09.10-13.19.37:811][  0]LogEditorServer: Finished looking for orphan Actors (0.000 secs)
[2016.09.10-13.19.37:812][  0]Cmd: MAP CHECKDEP NOCLEARLOG
[2016.09.10-13.19.37:846][  0]MapCheck: Info Map check complete: 0 Error(s), 0 Warning(s), took 34.323ms to complete.
[2016.09.10-13.19.37:846][  0]LogFileHelpers: Loading map 'FirstPersonExampleMap' took 0.342
[2016.09.10-13.19.37:989][  0]LogCollectionManager: Loaded 0 collections in 0.000999 seconds
[2016.09.10-13.19.38:027][  0]LogFileCache: Scanning file cache for directory 'D:/Unreal Projects/GitHub/AIProject2016/PIG2016T4AIProject/Saved/Collections/' took 0.01s
[2016.09.10-13.19.38:027][  0]LogFileCache: Scanning file cache for directory 'D:/Unreal Projects/GitHub/AIProject2016/PIG2016T4AIProject/Content/Developers/Jay/Collections/' took 0.01s
[2016.09.10-13.19.38:027][  0]LogFileCache: Scanning file cache for directory 'D:/Unreal Projects/GitHub/AIProject2016/PIG2016T4AIProject/Content/Collections/' took 0.01s
[2016.09.10-13.19.38:027][  0]LogCollectionManager: Rebuilt the GUID cache for 0 collections in 0.000003 seconds
[2016.09.10-13.19.38:034][  0]LogContentBrowser: Native class hierarchy populated in 0.0071 seconds. Added 1983 classes and 349 folders.
[2016.09.10-13.19.38:036][  0]LogStats: UGameplayTagsManager::ConstructGameplayTagTree: Construct from data asset -  0.000 s
[2016.09.10-13.19.38:036][  0]LogStats: UGameplayTagsManager::ConstructGameplayTagTree: GameplayTagTreeChangedEvent.Broadcast -  0.000 s
[2016.09.10-13.19.38:037][  0]LogContentBrowser: Native class hierarchy updated for 'GameplayTags' in 0.0004 seconds. Added 12 classes and 0 folders.
[2016.09.10-13.19.38:040][  0]LogContentBrowser: Native class hierarchy updated for 'WidgetCarousel' in 0.0003 seconds. Added 0 classes and 0 folders.
[2016.09.10-13.19.38:044][  0]LogContentBrowser: Native class hierarchy updated for 'SuperSearch' in 0.0006 seconds. Added 1 classes and 2 folders.
[2016.09.10-13.19.38:079][  0]LogContentBrowser: Native class hierarchy updated for 'AddContentDialog' in 0.0004 seconds. Added 0 classes and 0 folders.
[2016.09.10-13.19.38:082][  0]LogContentBrowser: Native class hierarchy updated for 'SceneOutliner' in 0.0003 seconds. Added 1 classes and 2 folders.
[2016.09.10-13.19.38:103][  0]LogCrashTracker: Crashtracker disabled due to settings.
[2016.09.10-13.19.38:119][  0]LogUObjectGlobals:Warning: Failed to find object 'Class None.'
[2016.09.10-13.19.38:144][  0]LogContentBrowser: Native class hierarchy updated for 'HierarchicalLODOutliner' in 0.0004 seconds. Added 1 classes and 2 folders.
[2016.09.10-13.19.38:145][  0]LogLoad: Full Startup: 5.63 seconds (BP compile: 0.04 seconds)
[2016.09.10-13.19.38:145][  0]LogExternalProfiler: Found external profiler: VSPerf
[2016.09.10-13.19.38:145][  0]LogExternalProfiler: Using external profiler: VSPerf
[2016.09.10-13.19.38:154][  0]LogWindowsTextInputMethodSystem:Display: IME system now deactivated.
[2016.09.10-13.19.38:154][  0]LogOcInput: OculusInput pre-init called
[2016.09.10-13.19.38:193][  0]LogContentStreaming: Texture pool size now 700 MB
[2016.09.10-13.19.38:308][  1]LogAssetRegistry: Asset discovery search completed in 2.2025 seconds
[2016.09.10-13.19.38:308][  1]LogCollectionManager: Rebuilt the object cache for 0 collections in 0.000001 seconds (found 0 objects)
[2016.09.10-13.19.38:308][  1]LogCollectionManager: Fixed up redirectors for 0 collections in 0.000032 seconds (updated 0 objects)
[2016.09.10-13.19.38:343][  2]LogRenderer: Reallocating scene render targets to support 848x428 (Frame:2).
[2016.09.10-13.19.40:971][287]LogRenderer: Reallocating scene render targets to support 1236x632 (Frame:277).
[2016.09.10-13.19.56:851][ 46]LogWindowsTextInputMethodSystem:Display: IME system now deactivated.
[2016.09.10-13.19.57:042][ 47]Cmd: QUIT_EDITOR
[2016.09.10-13.19.57:159][ 47]LogExit: Preparing to exit.
[2016.09.10-13.19.58:150][ 47]LogExit: Editor shut down
[2016.09.10-13.19.58:151][ 47]LogExit: Transaction tracking system shut down
[2016.09.10-13.19.58:246][ 47]LogObj: Freed 0b from 0 cluster array pools.
[2016.09.10-13.19.58:247][ 47]LogExit: Object subsystem successfully closed.
[2016.09.10-13.19.58:262][ 47]LogD3D11RHI: Shutdown
[2016.09.10-13.19.58:262][ 47]LogD3D11RHI: CleanupD3DDevice
[2016.09.10-13.19.58:330][ 47]LogD3D11RHI: ~FD3D11DynamicRHI
[2016.09.10-13.19.58:802][ 47]LogDerivedDataCache: Shutdown
[2016.09.10-13.19.58:803][ 47]LogModuleManager: Shutting down and abandoning module HierarchicalLODOutliner (208)
[2016.09.10-13.19.58:803][ 47]LogModuleManager: Shutting down and abandoning module ExternalImagePicker (207)
[2016.09.10-13.19.58:803][ 47]LogModuleManager: Shutting down and abandoning module CrashTracker (206)
[2016.09.10-13.19.58:803][ 47]LogModuleManager: Shutting down and abandoning module SceneOutliner (205)
[2016.09.10-13.19.58:803][ 47]LogModuleManager: Shutting down and abandoning module SuperSearch (204)
[2016.09.10-13.19.58:803][ 47]LogModuleManager: Shutting down and abandoning module WidgetCarousel (203)
[2016.09.10-13.19.58:803][ 47]LogModuleManager: Shutting down and abandoning module AddContentDialog (202)
[2016.09.10-13.19.58:804][ 47]LogModuleManager: Shutting down and abandoning module GameplayTags (201)
[2016.09.10-13.19.58:804][ 47]LogModuleManager: Shutting down and abandoning module EditorWidgets (200)
[2016.09.10-13.19.58:804][ 47]LogModuleManager: Shutting down and abandoning module CollectionManager (199)
[2016.09.10-13.19.58:804][ 47]LogModuleManager: Shutting down and abandoning module StatsViewer (198)
[2016.09.10-13.19.58:804][ 47]LogModuleManager: Shutting down and abandoning module FoliageEdit (197)
[2016.09.10-13.19.58:804][ 47]LogModuleManager: Shutting down and abandoning module LandscapeEditor (196)
[2016.09.10-13.19.58:804][ 47]LogModuleManager: Shutting down and abandoning module ActorPickerMode (195)
[2016.09.10-13.19.58:804][ 47]LogModuleManager: Shutting down and abandoning module GeometryMode (194)
[2016.09.10-13.19.58:804][ 47]LogModuleManager: Shutting down and abandoning module TextureAlignMode (193)
[2016.09.10-13.19.58:804][ 47]LogModuleManager: Shutting down and abandoning module BspMode (192)
[2016.09.10-13.19.58:804][ 47]LogModuleManager: Shutting down and abandoning module PlacementMode (191)
[2016.09.10-13.19.58:804][ 47]LogModuleManager: Shutting down and abandoning module AutomationWorker (190)
[2016.09.10-13.19.58:805][ 47]LogModuleManager: Shutting down and abandoning module CharacterAI (189)
[2016.09.10-13.19.58:805][ 47]LogModuleManager: Shutting down and abandoning module SmartSnapping (188)
[2016.09.10-13.19.58:805][ 47]LogModuleManager: Shutting down and abandoning module ViewportSnapping (187)
[2016.09.10-13.19.58:805][ 47]LogModuleManager: Shutting down and abandoning module LogVisualizer (186)
[2016.09.10-13.19.58:805][ 47]LogModuleManager: Shutting down and abandoning module GameProjectGeneration (185)
[2016.09.10-13.19.58:805][ 47]LogModuleManager: Shutting down and abandoning module IntroTutorials (184)
[2016.09.10-13.19.58:805][ 47]LogModuleManager: Shutting down and abandoning module EditorLiveStreaming (183)
[2016.09.10-13.19.58:805][ 47]LogModuleManager: Shutting down and abandoning module IOSPlatformEditor (182)
[2016.09.10-13.19.58:805][ 47]LogModuleManager: Shutting down and abandoning module HTML5PlatformEditor (181)
[2016.09.10-13.19.58:805][ 47]LogModuleManager: Shutting down and abandoning module AndroidDeviceDetection (180)
[2016.09.10-13.19.59:324][ 47]LogModuleManager: Shutting down and abandoning module AndroidPlatformEditor (179)
[2016.09.10-13.19.59:324][ 47]LogModuleManager: Shutting down and abandoning module IOSRuntimeSettings (178)
[2016.09.10-13.19.59:324][ 47]LogModuleManager: Shutting down and abandoning module AndroidRuntimeSettings (177)
[2016.09.10-13.19.59:324][ 47]LogModuleManager: Shutting down and abandoning module MergeActors (176)
[2016.09.10-13.19.59:324][ 47]LogModuleManager: Shutting down and abandoning module SizeMap (175)
[2016.09.10-13.19.59:324][ 47]LogModuleManager: Shutting down and abandoning module TreeMap (174)
[2016.09.10-13.19.59:324][ 47]LogModuleManager: Shutting down and abandoning module ReferenceViewer (173)
[2016.09.10-13.19.59:324][ 47]LogModuleManager: Shutting down and abandoning module LocalizationService (172)
[2016.09.10-13.19.59:325][ 47]LogModuleManager: Shutting down and abandoning module LocalizationDashboard (171)
[2016.09.10-13.19.59:325][ 47]LogModuleManager: Shutting down and abandoning module HardwareTargeting (170)
[2016.09.10-13.19.59:325][ 47]LogModuleManager: Shutting down and abandoning module DeviceProfileEditor (169)
[2016.09.10-13.19.59:325][ 47]LogModuleManager: Shutting down and abandoning module UndoHistory (168)
[2016.09.10-13.19.59:325][ 47]LogModuleManager: Shutting down and abandoning module UserFeedback (167)
[2016.09.10-13.19.59:325][ 47]LogModuleManager: Shutting down and abandoning module XmlParser (166)
[2016.09.10-13.19.59:325][ 47]LogModuleManager: Shutting down and abandoning module Blutility (165)
[2016.09.10-13.19.59:325][ 47]LogModuleManager: Shutting down and abandoning module ProjectTargetPlatformEditor (164)
[2016.09.10-13.19.59:325][ 47]LogModuleManager: Shutting down and abandoning module ProjectSettingsViewer (163)
[2016.09.10-13.19.59:325][ 47]LogModuleManager: Shutting down and abandoning module InputBindingEditor (162)
[2016.09.10-13.19.59:325][ 47]LogModuleManager: Shutting down and abandoning module EditorSettingsViewer (161)
[2016.09.10-13.19.59:325][ 47]LogModuleManager: Shutting down and abandoning module SettingsEditor (160)
[2016.09.10-13.19.59:325][ 47]LogModuleManager: Shutting down and abandoning module ProjectLauncher (159)
[2016.09.10-13.19.59:325][ 47]LogModuleManager: Shutting down and abandoning module SessionFrontend (158)
[2016.09.10-13.19.59:325][ 47]LogModuleManager: Shutting down and abandoning module ProfilerClient (157)
[2016.09.10-13.19.59:325][ 47]LogModuleManager: Shutting down and abandoning module TargetDeviceServices (156)
[2016.09.10-13.19.59:325][ 47]LogModuleManager: Shutting down and abandoning module DeviceManager (155)
[2016.09.10-13.19.59:369][ 47]LogModuleManager: Shutting down and abandoning module AutomationController (154)
[2016.09.10-13.19.59:369][ 47]LogModuleManager: Shutting down and abandoning module AutomationWindow (153)
[2016.09.10-13.19.59:369][ 47]LogModuleManager: Shutting down and abandoning module Layers (152)
[2016.09.10-13.19.59:369][ 47]LogModuleManager: Shutting down and abandoning module ComponentVisualizers (151)
[2016.09.10-13.19.59:369][ 47]LogModuleManager: Shutting down and abandoning module DetailCustomizations (150)
[2016.09.10-13.19.59:369][ 47]LogModuleManager: Shutting down and abandoning module PackagesDialog (149)
[2016.09.10-13.19.59:369][ 47]LogModuleManager: Shutting down and abandoning module Persona (148)
[2016.09.10-13.19.59:369][ 47]LogModuleManager: Shutting down and abandoning module Kismet (147)
[2016.09.10-13.19.59:369][ 47]LogModuleManager: Shutting down and abandoning module GraphEditor (146)
[2016.09.10-13.19.59:369][ 47]LogModuleManager: Shutting down and abandoning module ClassViewer (145)
[2016.09.10-13.19.59:369][ 47]LogModuleManager: Shutting down and abandoning module Toolbox (144)
[2016.09.10-13.19.59:369][ 47]LogModuleManager: Shutting down and abandoning module ModuleUI (143)
[2016.09.10-13.19.59:369][ 47]LogModuleManager: Shutting down and abandoning module MovieSceneTools (142)
[2016.09.10-13.19.59:369][ 47]LogModuleManager: Shutting down and abandoning module OutputLog (141)
[2016.09.10-13.19.59:369][ 47]LogModuleManager: Shutting down and abandoning module GammaUI (140)
[2016.09.10-13.19.59:369][ 47]LogModuleManager: Shutting down and abandoning module Documentation (139)
[2016.09.10-13.19.59:369][ 47]LogModuleManager: Shutting down and abandoning module StreamingPauseRendering (138)
[2016.09.10-13.19.59:369][ 47]LogModuleManager: Shutting down and abandoning module AnalyticsET (137)
[2016.09.10-13.19.59:369][ 47]LogModuleManager: Shutting down and abandoning module Analytics (136)
[2016.09.10-13.19.59:369][ 47]LogModuleManager: Shutting down and abandoning module PortalServices (135)
[2016.09.10-13.19.59:369][ 47]LogModuleManager: Shutting down and abandoning module PortalRpc (134)
[2016.09.10-13.19.59:369][ 47]LogModuleManager: Shutting down and abandoning module MessagingRpc (133)
[2016.09.10-13.19.59:369][ 47]LogModuleManager: Shutting down and abandoning module AITestSuite (132)
[2016.09.10-13.19.59:369][ 47]LogModuleManager: Shutting down and abandoning module GameplayDebugger (131)
[2016.09.10-13.19.59:369][ 47]LogModuleManager: Shutting down and abandoning module AIModule (130)
[2016.09.10-13.19.59:369][ 47]LogModuleManager: Shutting down and abandoning module ProfilerService (129)
[2016.09.10-13.19.59:496][ 47]LogModuleManager: Shutting down and abandoning module TaskGraph (128)
[2016.09.10-13.19.59:496][ 47]LogModuleManager: Shutting down and abandoning module SlateRemote (127)
[2016.09.10-13.19.59:496][ 47]LogModuleManager: Shutting down and abandoning module SteamVRController (126)
[2016.09.10-13.19.59:496][ 47]LogModuleManager: Shutting down and abandoning module SteamVR (125)
[2016.09.10-13.19.59:496][ 47]LogModuleManager: Shutting down and abandoning module ProceduralMeshComponent (124)
[2016.09.10-13.19.59:496][ 47]LogModuleManager: Shutting down and abandoning module OculusLibrary (123)
[2016.09.10-13.19.59:496][ 47]LogModuleManager: Shutting down and abandoning module OculusInput (122)
[2016.09.10-13.19.59:496][ 47]LogModuleManager: Shutting down and abandoning module CustomMeshComponent (121)
[2016.09.10-13.19.59:496][ 47]LogModuleManager: Shutting down and abandoning module CableComponent (120)
[2016.09.10-13.19.59:496][ 47]LogModuleManager: Shutting down and abandoning module ArchVisCharacter (119)
[2016.09.10-13.19.59:497][ 47]LogModuleManager: Shutting down and abandoning module MediaPlayerEditor (118)
[2016.09.10-13.19.59:497][ 47]LogModuleManager: Shutting down and abandoning module VaRestEditorPlugin (117)
[2016.09.10-13.19.59:497][ 47]LogModuleManager: Shutting down and abandoning module PlayUp (116)
[2016.09.10-13.19.59:497][ 47]LogModuleManager: Shutting down and abandoning module HTML5Networking (115)
[2016.09.10-13.19.59:497][ 47]LogModuleManager: Shutting down and abandoning module SpeedTreeImporter (114)
[2016.09.10-13.19.59:497][ 47]LogModuleManager: Shutting down and abandoning module PluginBrowser (113)
[2016.09.10-13.19.59:497][ 47]LogModuleManager: Shutting down and abandoning module EpicSurvey (112)
[2016.09.10-13.19.59:497][ 47]LogModuleManager: Shutting down and abandoning module DesktopPlatform (111)
[2016.09.10-13.19.59:497][ 47]LogModuleManager: Shutting down and abandoning module VisualStudioSourceCodeAccess (110)
[2016.09.10-13.19.59:497][ 47]LogModuleManager: Shutting down and abandoning module UObjectPlugin (109)
[2016.09.10-13.19.59:497][ 47]LogModuleManager: Shutting down and abandoning module SubversionSourceControl (108)
[2016.09.10-13.19.59:497][ 47]LogModuleManager: Shutting down and abandoning module PerforceSourceControl (107)
[2016.09.10-13.19.59:497][ 47]LogModuleManager: Shutting down and abandoning module SourceControl (106)
[2016.09.10-13.19.59:497][ 47]LogModuleManager: Shutting down and abandoning module GitSourceControl (105)
[2016.09.10-13.19.59:497][ 47]LogModuleManager: Shutting down and abandoning module LightPropagationVolumeEditor (104)
[2016.09.10-13.19.59:497][ 47]LogModuleManager: Shutting down and abandoning module PaperTiledImporter (103)
[2016.09.10-13.19.59:497][ 47]LogModuleManager: Shutting down and abandoning module PaperSpriteSheetImporter (102)
[2016.09.10-13.19.59:497][ 47]LogModuleManager: Shutting down and abandoning module MeshPaint (101)
[2016.09.10-13.19.59:497][ 47]LogModuleManager: Shutting down and abandoning module HotReload (100)
[2016.09.10-13.19.59:498][ 47]LogModuleManager: Shutting down and abandoning module MainFrame (99)
[2016.09.10-13.19.59:498][ 47]LogModuleManager: Shutting down and abandoning module LevelEditor (98)
[2016.09.10-13.19.59:499][ 47]LogModuleManager: Shutting down and abandoning module DirectoryWatcher (97)
[2016.09.10-13.19.59:499][ 47]LogModuleManager: Shutting down and abandoning module AssetRegistry (96)
[2016.09.10-13.19.59:635][ 47]LogModuleManager: Shutting down and abandoning module ContentBrowser (95)
[2016.09.10-13.19.59:636][ 47]LogModuleManager: Shutting down and abandoning module Paper2DEditor (94)
[2016.09.10-13.19.59:636][ 47]LogModuleManager: Shutting down and abandoning module UdpMessaging (93)
[2016.09.10-13.19.59:737][ 47]LogModuleManager: Shutting down and abandoning module VaRestPlugin (92)
[2016.09.10-13.19.59:737][ 47]LogModuleManager: Shutting down and abandoning module LightPropagationVolumeRuntime (91)
[2016.09.10-13.19.59:737][ 47]LogModuleManager: Shutting down and abandoning module Paper2D (90)
[2016.09.10-13.19.59:737][ 47]LogModuleManager: Shutting down and abandoning module WindowsMoviePlayer (89)
[2016.09.10-13.19.59:737][ 47]LogModuleManager: Shutting down and abandoning module Media (88)
[2016.09.10-13.19.59:737][ 47]LogModuleManager: Shutting down and abandoning module WmfMedia (87)
[2016.09.10-13.19.59:737][ 47]LogModuleManager: Shutting down and abandoning module MediaAssets (86)
[2016.09.10-13.19.59:737][ 47]LogModuleManager: Shutting down and abandoning module GameLiveStreaming (85)
[2016.09.10-13.19.59:737][ 47]LogModuleManager: Shutting down and abandoning module GameplayTagsEditor (84)
[2016.09.10-13.19.59:737][ 47]LogModuleManager: Shutting down and abandoning module OnlineBlueprintSupport (83)
[2016.09.10-13.19.59:737][ 47]LogModuleManager: Shutting down and abandoning module GameplayTasksEditor (82)
[2016.09.10-13.19.59:737][ 47]LogModuleManager: Shutting down and abandoning module PropertyEditor (81)
[2016.09.10-13.19.59:737][ 47]LogModuleManager: Shutting down and abandoning module BehaviorTreeEditor (80)
[2016.09.10-13.19.59:737][ 47]LogModuleManager: Shutting down and abandoning module FunctionalTesting (79)
[2016.09.10-13.19.59:737][ 47]LogModuleManager: Shutting down and abandoning module CollisionAnalyzer (78)
[2016.09.10-13.19.59:737][ 47]LogModuleManager: Shutting down and abandoning module WorkspaceMenuStructure (77)
[2016.09.10-13.19.59:737][ 47]LogModuleManager: Shutting down and abandoning module MessageLog (76)
[2016.09.10-13.19.59:737][ 47]LogModuleManager: Shutting down and abandoning module Sequencer (75)
[2016.09.10-13.19.59:737][ 47]LogModuleManager: Shutting down and abandoning module AssetTools (74)
[2016.09.10-13.19.59:738][ 47]LogModuleManager: Shutting down and abandoning module UMGEditor (73)
[2016.09.10-13.19.59:738][ 47]LogModuleManager: Shutting down and abandoning module UMG (72)
[2016.09.10-13.19.59:738][ 47]LogModuleManager: Shutting down and abandoning module SlateReflector (71)
[2016.09.10-13.19.59:738][ 47]LogModuleManager: Shutting down and abandoning module Slate (70)
[2016.09.10-13.19.59:738][ 47]LogModuleManager: Shutting down and abandoning module EditorStyle (69)
[2016.09.10-13.19.59:741][ 47]LogModuleManager: Shutting down and abandoning module SessionServices (68)
[2016.09.10-13.19.59:741][ 47]LogModuleManager: Shutting down and abandoning module SourceCodeAccess (67)
[2016.09.10-13.19.59:741][ 47]LogModuleManager: Shutting down and abandoning module HeadMountedDisplay (66)
[2016.09.10-13.19.59:741][ 47]LogModuleManager: Shutting down and abandoning module XAudio2 (65)
[2016.09.10-13.19.59:741][ 47]LogModuleManager: Shutting down and abandoning module Networking (63)
[2016.09.10-13.19.59:741][ 47]LogModuleManager: Shutting down and abandoning module Core (62)
[2016.09.10-13.19.59:741][ 47]LogModuleManager: Shutting down and abandoning module KismetCompiler (61)
[2016.09.10-13.19.59:742][ 47]LogModuleManager: Shutting down and abandoning module PhysXFormats (60)
[2016.09.10-13.19.59:742][ 47]LogModuleManager: Shutting down and abandoning module MeshUtilities (59)
[2016.09.10-13.19.59:742][ 47]LogModuleManager: Shutting down and abandoning module CookingStats (58)
[2016.09.10-13.19.59:742][ 47]LogModuleManager: Shutting down and abandoning module DerivedDataCache (57)
[2016.09.10-13.19.59:742][ 47]LogDerivedDataCache: Shutdown
[2016.09.10-13.19.59:742][ 47]LogModuleManager: Shutting down and abandoning module ShaderFormatOpenGL (56)
[2016.09.10-13.19.59:742][ 47]LogModuleManager: Shutting down and abandoning module ShaderFormatD3D (55)
[2016.09.10-13.19.59:742][ 47]LogModuleManager: Shutting down and abandoning module MetalShaderFormat (54)
[2016.09.10-13.19.59:742][ 47]LogModuleManager: Shutting down and abandoning module TextureFormatUncompressed (53)
[2016.09.10-13.19.59:742][ 47]LogModuleManager: Shutting down and abandoning module TextureFormatPVR (52)
[2016.09.10-13.19.59:742][ 47]LogModuleManager: Shutting down and abandoning module TextureFormatIntelISPCTexComp (51)
[2016.09.10-13.19.59:742][ 47]LogModuleManager: Shutting down and abandoning module TextureFormatDXT (50)
[2016.09.10-13.19.59:742][ 47]LogModuleManager: Shutting down and abandoning module ImageWrapper (49)
[2016.09.10-13.19.59:742][ 47]LogModuleManager: Shutting down and abandoning module TextureFormatASTC (48)
[2016.09.10-13.19.59:742][ 47]LogModuleManager: Shutting down and abandoning module TextureFormatAndroid (47)
[2016.09.10-13.19.59:742][ 47]LogModuleManager: Shutting down and abandoning module AudioFormatOpus (46)
[2016.09.10-13.19.59:742][ 47]LogModuleManager: Shutting down and abandoning module AudioFormatOgg (45)
[2016.09.10-13.19.59:742][ 47]LogModuleManager: Shutting down and abandoning module AudioFormatADPCM (44)
[2016.09.10-13.19.59:742][ 47]LogModuleManager: Shutting down and abandoning module LinuxTargetPlatform (43)
[2016.09.10-13.19.59:742][ 47]LogModuleManager: Shutting down and abandoning module LinuxServerTargetPlatform (42)
[2016.09.10-13.19.59:742][ 47]LogModuleManager: Shutting down and abandoning module LinuxNoEditorTargetPlatform (41)
[2016.09.10-13.19.59:742][ 47]LogModuleManager: Shutting down and abandoning module TVOSTargetPlatform (40)
[2016.09.10-13.19.59:742][ 47]LogModuleManager: Shutting down and abandoning module Messaging (39)
[2016.09.10-13.19.59:742][ 47]LogModuleManager: Shutting down and abandoning module IOSTargetPlatform (38)
[2016.09.10-13.19.59:742][ 47]LogModuleManager: Shutting down and abandoning module HTML5TargetPlatform (37)
[2016.09.10-13.19.59:742][ 47]LogModuleManager: Shutting down and abandoning module Android_PVRTCTargetPlatform (36)
[2016.09.10-13.19.59:742][ 47]LogModuleManager: Shutting down and abandoning module Android_MultiTargetPlatform (35)
[2016.09.10-13.19.59:742][ 47]LogModuleManager: Shutting down and abandoning module Android_ETC2TargetPlatform (34)
[2016.09.10-13.19.59:742][ 47]LogModuleManager: Shutting down and abandoning module Android_ETC1TargetPlatform (33)
[2016.09.10-13.19.59:742][ 47]LogModuleManager: Shutting down and abandoning module Android_DXTTargetPlatform (32)
[2016.09.10-13.19.59:742][ 47]LogModuleManager: Shutting down and abandoning module Android_ATCTargetPlatform (31)
[2016.09.10-13.19.59:742][ 47]LogModuleManager: Shutting down and abandoning module Android_ASTCTargetPlatform (30)
[2016.09.10-13.19.59:742][ 47]LogModuleManager: Shutting down and abandoning module AndroidTargetPlatform (29)
[2016.09.10-13.19.59:742][ 47]LogModuleManager: Shutting down and abandoning module WindowsTargetPlatform (28)
[2016.09.10-13.19.59:742][ 47]LogModuleManager: Shutting down and abandoning module WindowsServerTargetPlatform (27)
[2016.09.10-13.19.59:742][ 47]LogModuleManager: Shutting down and abandoning module WindowsNoEditorTargetPlatform (26)
[2016.09.10-13.19.59:742][ 47]LogModuleManager: Shutting down and abandoning module WindowsClientTargetPlatform (25)
[2016.09.10-13.19.59:743][ 47]LogModuleManager: Shutting down and abandoning module AllDesktopTargetPlatform (24)
[2016.09.10-13.19.59:743][ 47]LogModuleManager: Shutting down and abandoning module TargetPlatform (23)
[2016.09.10-13.19.59:743][ 47]LogModuleManager: Shutting down and abandoning module InputCore (22)
[2016.09.10-13.19.59:743][ 47]LogModuleManager: Shutting down and abandoning module Settings (21)
[2016.09.10-13.19.59:743][ 47]LogModuleManager: Shutting down and abandoning module OnlineSubsystem (19)
[2016.09.10-13.19.59:743][ 47]LogModuleManager: Shutting down and abandoning module HTTP (18)
[2016.09.10-13.20.02:748][ 47]LogModuleManager: Shutting down and abandoning module XMPP (17)
[2016.09.10-13.20.02:748][ 47]LogModuleManager: Shutting down and abandoning module OculusRift (16)
[2016.09.10-13.20.02:748][ 47]LogModuleManager: Shutting down and abandoning module ExampleDeviceProfileSelector (15)
[2016.09.10-13.20.02:748][ 47]LogModuleManager: Shutting down and abandoning module TextureCompressor (14)
[2016.09.10-13.20.02:748][ 47]LogModuleManager: Shutting down and abandoning module ShaderCore (13)
[2016.09.10-13.20.02:748][ 47]LogModuleManager: Shutting down and abandoning module Landscape (12)
[2016.09.10-13.20.02:748][ 47]LogModuleManager: Shutting down and abandoning module SlateRHIRenderer (11)
[2016.09.10-13.20.02:748][ 47]LogModuleManager: Shutting down and abandoning module OpenGLDrv (10)
[2016.09.10-13.20.02:749][ 47]LogModuleManager: Shutting down and abandoning module D3D11RHI (9)
[2016.09.10-13.20.02:749][ 47]LogModuleManager: Shutting down and abandoning module AnimGraphRuntime (8)
[2016.09.10-13.20.02:749][ 47]LogModuleManager: Shutting down and abandoning module Renderer (7)
[2016.09.10-13.20.02:749][ 47]LogModuleManager: Shutting down and abandoning module Engine (6)
[2016.09.10-13.20.02:749][ 47]LogModuleManager: Shutting down and abandoning module CoreUObject (5)
[2016.09.10-13.20.02:749][ 47]LogModuleManager: Shutting down and abandoning module NetworkFile (4)
[2016.09.10-13.20.02:749][ 47]LogModuleManager: Shutting down and abandoning module StreamingFile (3)
[2016.09.10-13.20.02:749][ 47]LogModuleManager: Shutting down and abandoning module SandboxFile (2)
[2016.09.10-13.20.02:749][ 47]LogModuleManager: Shutting down and abandoning module PakFile (1)
[2016.09.10-13.20.02:749][ 47]LogExit: Exiting.
[2016.09.10-13.20.02:751][ 47]Log file closed, 09/10/16 23:20:02
